<?xml version="1.0" encoding="UTF-8"?>
<!-- Generated by org.testng.reporters.JUnitReportReporter -->
<testsuite skipped="0" hostname="MININT-1THGGB7" name="testautomation.WeeksExercises.Exercise3" tests="1" failures="0" timestamp="18 feb 2019 17:14:50 GMT" time="0.168" errors="0">
  <testcase name="DropDown" time="0.168" classname="testautomation.WeeksExercises.Exercise3"/>
</testsuite> <!-- testautomation.WeeksExercises.Exercise3 -->
