<?xml version="1.0" encoding="UTF-8"?>
<!-- Generated by org.testng.reporters.JUnitReportReporter -->
<testsuite skipped="0" hostname="MININT-1THGGB7" name="testautomation.WeeksExercises.Exercise2" tests="1" failures="0" timestamp="18 feb 2019 17:14:38 GMT" time="0.004" errors="0">
  <testcase name="checkBoxRadioButton" time="0.004" classname="testautomation.WeeksExercises.Exercise2"/>
</testsuite> <!-- testautomation.WeeksExercises.Exercise2 -->
