<?xml version="1.0" encoding="UTF-8"?>
<!-- Generated by org.testng.reporters.JUnitReportReporter -->
<testsuite skipped="0" hostname="MININT-1THGGB7" name="pageObject.Exercise1PageObject2" tests="1" failures="0" timestamp="18 feb 2019 17:23:43 GMT" time="0.507" errors="0">
  <testcase name="textarea" time="0.507" classname="pageObject.Exercise1PageObject2"/>
</testsuite> <!-- pageObject.Exercise1PageObject2 -->
