<?xml version="1.0" encoding="UTF-8"?>
<!-- Generated by org.testng.reporters.JUnitReportReporter -->
<testsuite skipped="0" hostname="MININT-1THGGB7" name="testautomation.WeeksExercises.Exercise1" tests="1" failures="0" timestamp="18 feb 2019 17:14:27 GMT" time="0.008" errors="0">
  <testcase name="textarea" time="0.008" classname="testautomation.WeeksExercises.Exercise1"/>
</testsuite> <!-- testautomation.WeeksExercises.Exercise1 -->
